This is XeTeX, Version 3.141592653-2.6-0.999997 (MiKTeX 25.4) (preloaded format=xelatex 2025.10.21)  5 DEC 2025 10:47
entering extended mode
 restricted \write18 enabled.
 file:line:error style messages enabled.
 %&-line parsing enabled.
**"c:/Users/Dinda Thalia Fahira/Documents/Proposal-Tugas-Akhir/ProposalTA.tex"
(c:/Users/Dinda Thalia Fahira/Documents/Proposal-Tugas-Akhir/ProposalTA.tex
LaTeX2e <2025-06-01> patch level 1
L3 programming layer <2025-09-02>

(C:\Users\Dinda Thalia Fahira\AppData\Local\Programs\MiKTeX\tex/latex/base\book
.cls
Document Class: book 2025/01/22 v1.4n Standard LaTeX document class

(C:\Users\Dinda Thalia Fahira\AppData\Local\Programs\MiKTeX\tex/latex/base\bk12
.clo
File: bk12.clo 2025/01/22 v1.4n Standard LaTeX file (size option)
)
\c@part=\count271
\c@chapter=\count272
\c@section=\count273
\c@subsection=\count274
\c@subsubsection=\count275
\c@paragraph=\count276
\c@subparagraph=\count277
\c@figure=\count278
\c@table=\count279
\abovecaptionskip=\skip49
\belowcaptionskip=\skip50
\bibindent=\dimen148
)
(C:\Users\Dinda Thalia Fahira\AppData\Local\Programs\MiKTeX\tex/latex/base\inpu
tenc.sty
Package: inputenc 2024/02/08 v1.3d Input encoding file
\inpenc@prehook=\toks17
\inpenc@posthook=\toks18


Package inputenc Warning: inputenc package ignored with utf8 based engines.

)
(C:\Users\Dinda Thalia Fahira\AppData\Local\Programs\MiKTeX\tex/latex/fontspec\
fontspec.sty
(C:\Users\Dinda Thalia Fahira\AppData\Local\Programs\MiKTeX\tex/latex/l3package
s/xparse\xparse.sty
(C:\Users\Dinda Thalia Fahira\AppData\Local\Programs\MiKTeX\tex/latex/l3kernel\
expl3.sty
Package: expl3 2025-09-02 L3 programming layer (loader) 

(C:\Users\Dinda Thalia Fahira\AppData\Local\Programs\MiKTeX\tex/latex/l3backend
\l3backend-xetex.def
File: l3backend-xetex.def 2025-06-09 L3 backend support: XeTeX
\g__graphics_track_int=\count280
\g__pdfannot_backend_int=\count281
\g__pdfannot_backend_link_int=\count282
))
Package: xparse 2024-08-16 L3 Experimental document command parser
)
Package: fontspec 2025/09/29 v2.9g Font selection for XeLaTeX and LuaLaTeX

(C:\Users\Dinda Thalia Fahira\AppData\Local\Programs\MiKTeX\tex/latex/fontspec\
fontspec-xetex.sty
Package: fontspec-xetex 2025/09/29 v2.9g Font selection for XeLaTeX and LuaLaTe
X
\l__fontspec_script_int=\count283
\l__fontspec_language_int=\count284
\l__fontspec_strnum_int=\count285
\l__fontspec_tmp_int=\count286
\l__fontspec_tmpa_int=\count287
\l__fontspec_tmpb_int=\count288
\l__fontspec_tmpc_int=\count289
\l__fontspec_em_int=\count290
\l__fontspec_emdef_int=\count291
\l__fontspec_strong_int=\count292
\l__fontspec_strongdef_int=\count293
\l__fontspec_tmpa_dim=\dimen149
\l__fontspec_tmpb_dim=\dimen150
\l__fontspec_tmpc_dim=\dimen151

(C:\Users\Dinda Thalia Fahira\AppData\Local\Programs\MiKTeX\tex/latex/base\font
enc.sty
Package: fontenc 2024/12/21 v2.1c Standard LaTeX package
)
(C:\Users\Dinda Thalia Fahira\AppData\Local\Programs\MiKTeX\tex/latex/fontspec\
fontspec.cfg)))

Package fontspec Info: 
(fontspec)             Font family 'TimesNewRoman(0)' created for font 'Times
(fontspec)             New Roman' with options [Ligatures=TeX].
(fontspec)              
(fontspec)              This font family consists of the following NFSS
(fontspec)             series/shapes:
(fontspec)              
(fontspec)             - 'normal' (m/n) with NFSS spec.: <->"Times New
(fontspec)             Roman/OT:script=latn;language=dflt;mapping=tex-text;"
(fontspec)             - 'small caps'  (m/sc) with NFSS spec.: <->"Times New
(fontspec)             Roman/OT:script=latn;language=dflt;+smcp;mapping=tex-tex
t;"
(fontspec)             - 'bold' (b/n) with NFSS spec.: <->"Times New
(fontspec)             Roman/B/OT:script=latn;language=dflt;mapping=tex-text;"
(fontspec)             - 'bold small caps'  (b/sc) with NFSS spec.: <->"Times
(fontspec)             New
(fontspec)             Roman/B/OT:script=latn;language=dflt;+smcp;mapping=tex-t
ext;"
(fontspec)             - 'italic' (m/it) with NFSS spec.: <->"Times New
(fontspec)             Roman/I/OT:script=latn;language=dflt;mapping=tex-text;"
(fontspec)             - 'italic small caps'  (m/scit) with NFSS spec.:
(fontspec)             <->"Times New
(fontspec)             Roman/I/OT:script=latn;language=dflt;+smcp;mapping=tex-t
ext;"
(fontspec)             - 'bold italic' (b/it) with NFSS spec.: <->"Times New
(fontspec)             Roman/BI/OT:script=latn;language=dflt;mapping=tex-text;"

(fontspec)             - 'bold italic small caps'  (b/scit) with NFSS spec.:
(fontspec)             <->"Times New
(fontspec)             Roman/BI/OT:script=latn;language=dflt;+smcp;mapping=tex-
text;"


(C:\Users\Dinda Thalia Fahira\AppData\Local\Programs\MiKTeX\tex/latex/geometry\
geometry.sty
Package: geometry 2020/01/02 v5.9 Page Geometry

(C:\Users\Dinda Thalia Fahira\AppData\Local\Programs\MiKTeX\tex/latex/graphics\
keyval.sty
Package: keyval 2022/05/29 v1.15 key=value parser (DPC)
\KV@toks@=\toks19
)
(C:\Users\Dinda Thalia Fahira\AppData\Local\Programs\MiKTeX\tex/generic/iftex\i
fvtex.sty
Package: ifvtex 2019/10/25 v1.7 ifvtex legacy package. Use iftex instead.

(C:\Users\Dinda Thalia Fahira\AppData\Local\Programs\MiKTeX\tex/generic/iftex\i
ftex.sty
Package: iftex 2024/12/12 v1.0g TeX engine tests
))
\Gm@cnth=\count294
\Gm@cntv=\count295
\c@Gm@tempcnt=\count296
\Gm@bindingoffset=\dimen152
\Gm@wd@mp=\dimen153
\Gm@odd@mp=\dimen154
\Gm@even@mp=\dimen155
\Gm@layoutwidth=\dimen156
\Gm@layoutheight=\dimen157
\Gm@layouthoffset=\dimen158
\Gm@layoutvoffset=\dimen159
\Gm@dimlist=\toks20

(C:\Users\Dinda Thalia Fahira\AppData\Local\Programs\MiKTeX\tex/latex/geometry\
geometry.cfg))
(C:\Users\Dinda Thalia Fahira\AppData\Local\Programs\MiKTeX\tex/generic/babel\b
abel.sty
Package: babel 2025/10/01 v25.13 The multilingual framework for LuaLaTeX, pdfLa
TeX and XeLaTeX
\babel@savecnt=\count297
LaTeX Encoding Info:    Redeclaring text command \ij (encoding OT1) on input li
ne 2045.
LaTeX Encoding Info:    Redeclaring text command \IJ (encoding OT1) on input li
ne 2047.
LaTeX Encoding Info:    Redeclaring text command \ij (encoding T1) on input lin
e 2049.
LaTeX Encoding Info:    Redeclaring text command \IJ (encoding T1) on input lin
e 2050.
LaTeX Encoding Info:    Ignoring declaration for text command \ij (encoding ?) 
on input line 2051.
LaTeX Encoding Info:    Ignoring declaration for text command \IJ (encoding ?) 
on input line 2053.
LaTeX Encoding Info:    Ignoring declaration for text command \SS (encoding ?) 
on input line 2078.
\U@D=\dimen160
\l@unhyphenated=\language79

(C:\Users\Dinda Thalia Fahira\AppData\Local\Programs\MiKTeX\tex/generic/babel\x
ebabel.def)
\bbl@readstream=\read2
\bbl@dirlevel=\count298

*************************************
* Local config file bblopts.cfg used
*

(C:\Users\Dinda Thalia Fahira\AppData\Local\Programs\MiKTeX\tex/latex/arabi\bbl
opts.cfg
File: bblopts.cfg 2005/09/08 v0.1 add Arabic and Farsi to "declared" options of
 babel
)
(C:\Users\Dinda Thalia Fahira\AppData\Local\Programs\MiKTeX\tex/latex/babel-ind
onesian\indonesian.ldf
Language: indonesian 2025/06/01 v1.0n Bahasa Indonesia support from the babel s
ystem

(C:\Users\Dinda Thalia Fahira\AppData\Local\Programs\MiKTeX\tex/generic/babel/l
ocale/id\babel-indonesian.tex
Package babel Info: Importing font and identification data for indonesian
(babel)             from babel-id.ini. Reported on input line 11.
)))
(C:\Users\Dinda Thalia Fahira\AppData\Local\Programs\MiKTeX\tex/latex/csquotes\
csquotes.sty
Package: csquotes 2024-04-04 v5.2o context-sensitive quotations (JAW)

(C:\Users\Dinda Thalia Fahira\AppData\Local\Programs\MiKTeX\tex/latex/etoolbox\
etoolbox.sty
Package: etoolbox 2025/10/02 v2.5m e-TeX tools for LaTeX (JAW)
\etb@tempcnta=\count299
)
\csq@reset=\count300
\csq@gtype=\count301
\csq@glevel=\count302
\csq@qlevel=\count303
\csq@maxlvl=\count304
\csq@tshold=\count305
\csq@ltx@everypar=\toks21

(C:\Users\Dinda Thalia Fahira\AppData\Local\Programs\MiKTeX\tex/latex/csquotes\
csquotes.def
File: csquotes.def 2024-04-04 v5.2o csquotes generic definitions (JAW)
)
Package csquotes Info: Trying to load configuration file 'csquotes.cfg'...
Package csquotes Info: ... configuration file loaded successfully.

(C:\Users\Dinda Thalia Fahira\AppData\Local\Programs\MiKTeX\tex/latex/csquotes\
csquotes.cfg
File: csquotes.cfg 
))
(C:\Users\Dinda Thalia Fahira\AppData\Local\Programs\MiKTeX\tex/latex/setspace\
setspace.sty
Package: setspace 2022/12/04 v6.7b set line spacing
)
(C:\Users\Dinda Thalia Fahira\AppData\Local\Programs\MiKTeX\tex/latex/graphics\
graphicx.sty
Package: graphicx 2024/12/31 v1.2e Enhanced LaTeX Graphics (DPC,SPQR)

(C:\Users\Dinda Thalia Fahira\AppData\Local\Programs\MiKTeX\tex/latex/graphics\
graphics.sty
Package: graphics 2024/08/06 v1.4g Standard LaTeX Graphics (DPC,SPQR)

(C:\Users\Dinda Thalia Fahira\AppData\Local\Programs\MiKTeX\tex/latex/graphics\
trig.sty
Package: trig 2023/12/02 v1.11 sin cos tan (DPC)
)
(C:\Users\Dinda Thalia Fahira\AppData\Local\Programs\MiKTeX\tex/latex/graphics-
cfg\graphics.cfg
File: graphics.cfg 2016/06/04 v1.11 sample graphics configuration
)
Package graphics Info: Driver file: xetex.def on input line 106.

(C:\Users\Dinda Thalia Fahira\AppData\Local\Programs\MiKTeX\tex/latex/graphics-
def\xetex.def
File: xetex.def 2025/09/29 v5.0o Graphics/color driver for xetex
))
\Gin@req@height=\dimen161
\Gin@req@width=\dimen162
)
(C:\Users\Dinda Thalia Fahira\AppData\Local\Programs\MiKTeX\tex/latex/caption\c
aption.sty
Package: caption 2023/08/05 v3.6o Customizing captions (AR)

(C:\Users\Dinda Thalia Fahira\AppData\Local\Programs\MiKTeX\tex/latex/caption\c
aption3.sty
Package: caption3 2023/07/31 v2.4d caption3 kernel (AR)
\caption@tempdima=\dimen163
\captionmargin=\dimen164
\caption@leftmargin=\dimen165
\caption@rightmargin=\dimen166
\caption@width=\dimen167
\caption@indent=\dimen168
\caption@parindent=\dimen169
\caption@hangindent=\dimen170
Package caption Info: Standard document class detected.
)
\c@caption@flags=\count306
\c@continuedfloat=\count307
)
(C:\Users\Dinda Thalia Fahira\AppData\Local\Programs\MiKTeX\tex/latex/caption\s
ubcaption.sty
Package: subcaption 2023/07/28 v1.6b Sub-captions (AR)
Package caption Info: New subtype `subfigure' on input line 238.
\c@subfigure=\count308
Package caption Info: New subtype `subtable' on input line 238.
\c@subtable=\count309
)
(C:\Users\Dinda Thalia Fahira\AppData\Local\Programs\MiKTeX\tex/latex/hyperref\
hyperref.sty
Package: hyperref 2025-07-12 v7.01o Hypertext links for LaTeX

(C:\Users\Dinda Thalia Fahira\AppData\Local\Programs\MiKTeX\tex/latex/kvsetkeys
\kvsetkeys.sty
Package: kvsetkeys 2022-10-05 v1.19 Key value parser (HO)
)
(C:\Users\Dinda Thalia Fahira\AppData\Local\Programs\MiKTeX\tex/generic/kvdefin
ekeys\kvdefinekeys.sty
Package: kvdefinekeys 2019-12-19 v1.6 Define keys (HO)
)
(C:\Users\Dinda Thalia Fahira\AppData\Local\Programs\MiKTeX\tex/generic/pdfesca
pe\pdfescape.sty
Package: pdfescape 2019/12/09 v1.15 Implements pdfTeX's escape features (HO)

(C:\Users\Dinda Thalia Fahira\AppData\Local\Programs\MiKTeX\tex/generic/ltxcmds
\ltxcmds.sty
Package: ltxcmds 2023-12-04 v1.26 LaTeX kernel commands for general use (HO)
)
(C:\Users\Dinda Thalia Fahira\AppData\Local\Programs\MiKTeX\tex/generic/pdftexc
mds\pdftexcmds.sty
Package: pdftexcmds 2020-06-27 v0.33 Utility functions of pdfTeX for LuaTeX (HO
)

(C:\Users\Dinda Thalia Fahira\AppData\Local\Programs\MiKTeX\tex/generic/infware
rr\infwarerr.sty
Package: infwarerr 2019/12/03 v1.5 Providing info/warning/error messages (HO)
)
Package pdftexcmds Info: \pdf@primitive is available.
Package pdftexcmds Info: \pdf@ifprimitive is available.
Package pdftexcmds Info: \pdfdraftmode not found.
))
(C:\Users\Dinda Thalia Fahira\AppData\Local\Programs\MiKTeX\tex/latex/hycolor\h
ycolor.sty
Package: hycolor 2020-01-27 v1.10 Color options for hyperref/bookmark (HO)
)
(C:\Users\Dinda Thalia Fahira\AppData\Local\Programs\MiKTeX\tex/latex/hyperref\
nameref.sty
Package: nameref 2025-06-21 v2.57 Cross-referencing by name of section

(C:\Users\Dinda Thalia Fahira\AppData\Local\Programs\MiKTeX\tex/latex/refcount\
refcount.sty
Package: refcount 2019/12/15 v3.6 Data extraction from label references (HO)
)
(C:\Users\Dinda Thalia Fahira\AppData\Local\Programs\MiKTeX\tex/generic/gettitl
estring\gettitlestring.sty
Package: gettitlestring 2019/12/15 v1.6 Cleanup title references (HO)

(C:\Users\Dinda Thalia Fahira\AppData\Local\Programs\MiKTeX\tex/latex/kvoptions
\kvoptions.sty
Package: kvoptions 2022-06-15 v3.15 Key value format for package options (HO)
))
\c@section@level=\count310
)
(C:\Users\Dinda Thalia Fahira\AppData\Local\Programs\MiKTeX\tex/generic/stringe
nc\stringenc.sty
Package: stringenc 2019/11/29 v1.12 Convert strings between diff. encodings (HO
)
)
\@linkdim=\dimen171
\Hy@linkcounter=\count311
\Hy@pagecounter=\count312

(C:\Users\Dinda Thalia Fahira\AppData\Local\Programs\MiKTeX\tex/latex/hyperref\
pd1enc.def
File: pd1enc.def 2025-07-12 v7.01o Hyperref: PDFDocEncoding definition (HO)
)
(C:\Users\Dinda Thalia Fahira\AppData\Local\Programs\MiKTeX\tex/generic/intcalc
\intcalc.sty
Package: intcalc 2019/12/15 v1.3 Expandable calculations with integers (HO)
)
\Hy@SavedSpaceFactor=\count313

(C:\Users\Dinda Thalia Fahira\AppData\Local\Programs\MiKTeX\tex/latex/hyperref\
puenc.def
File: puenc.def 2025-07-12 v7.01o Hyperref: PDF Unicode definition (HO)
)
Package hyperref Info: Hyper figures OFF on input line 4195.
Package hyperref Info: Link nesting OFF on input line 4200.
Package hyperref Info: Hyper index ON on input line 4203.
Package hyperref Info: Plain pages OFF on input line 4210.
Package hyperref Info: Backreferencing OFF on input line 4215.
Package hyperref Info: Implicit mode ON; LaTeX internals redefined.
Package hyperref Info: Bookmarks ON on input line 4462.
\c@Hy@tempcnt=\count314

(C:\Users\Dinda Thalia Fahira\AppData\Local\Programs\MiKTeX\tex/latex/url\url.s
ty
\Urlmuskip=\muskip17
Package: url 2013/09/16  ver 3.4  Verb mode for urls, etc.
)
LaTeX Info: Redefining \url on input line 4801.
\XeTeXLinkMargin=\dimen172

(C:\Users\Dinda Thalia Fahira\AppData\Local\Programs\MiKTeX\tex/generic/bitset\
bitset.sty
Package: bitset 2019/12/09 v1.3 Handle bit-vector datatype (HO)

(C:\Users\Dinda Thalia Fahira\AppData\Local\Programs\MiKTeX\tex/generic/bigintc
alc\bigintcalc.sty
Package: bigintcalc 2019/12/15 v1.5 Expandable calculations on big integers (HO
)
))
\Fld@menulength=\count315
\Field@Width=\dimen173
\Fld@charsize=\dimen174
Package hyperref Info: Hyper figures OFF on input line 6078.
Package hyperref Info: Link nesting OFF on input line 6083.
Package hyperref Info: Hyper index ON on input line 6086.
Package hyperref Info: backreferencing OFF on input line 6093.
Package hyperref Info: Link coloring OFF on input line 6098.
Package hyperref Info: Link coloring with OCG OFF on input line 6103.
Package hyperref Info: PDF/A mode OFF on input line 6108.
\Hy@abspage=\count316
\c@Item=\count317
\c@Hfootnote=\count318
)
Package hyperref Info: Driver (autodetected): hxetex.

(C:\Users\Dinda Thalia Fahira\AppData\Local\Programs\MiKTeX\tex/latex/hyperref\
hxetex.def
File: hxetex.def 2025-07-12 v7.01o Hyperref driver for XeTeX
\pdfm@box=\box53
\c@Hy@AnnotLevel=\count319
\HyField@AnnotCount=\count320
\Fld@listcount=\count321
\c@bookmark@seq@number=\count322

(C:\Users\Dinda Thalia Fahira\AppData\Local\Programs\MiKTeX\tex/latex/rerunfile
check\rerunfilecheck.sty
Package: rerunfilecheck 2025-06-21 v1.11 Rerun checks for auxiliary files (HO)

(C:\Users\Dinda Thalia Fahira\AppData\Local\Programs\MiKTeX\tex/generic/uniquec
ounter\uniquecounter.sty
Package: uniquecounter 2019/12/15 v1.4 Provide unlimited unique counter (HO)
)
Package uniquecounter Info: New unique counter `rerunfilecheck' on input line 2
84.
)
\Hy@SectionHShift=\skip51
)
(C:\Users\Dinda Thalia Fahira\AppData\Local\Programs\MiKTeX\tex/latex/titlesec\
titlesec.sty
Package: titlesec 2025/01/04 v2.17 Sectioning titles
\ttl@box=\box54
\beforetitleunit=\skip52
\aftertitleunit=\skip53
\ttl@plus=\dimen175
\ttl@minus=\dimen176
\ttl@toksa=\toks22
\titlewidth=\dimen177
\titlewidthlast=\dimen178
\titlewidthfirst=\dimen179
)
(C:\Users\Dinda Thalia Fahira\AppData\Local\Programs\MiKTeX\tex/latex/tocloft\t
ocloft.sty
Package: tocloft 2017/08/31 v2.3i parameterised ToC, etc., typesetting
Package tocloft Info: The document has chapter divisions on input line 51.
\cftparskip=\skip54
\cftbeforetoctitleskip=\skip55
\cftaftertoctitleskip=\skip56
\cftbeforepartskip=\skip57
\cftpartnumwidth=\skip58
\cftpartindent=\skip59
\cftbeforechapskip=\skip60
\cftchapindent=\skip61
\cftchapnumwidth=\skip62
\cftbeforesecskip=\skip63
\cftsecindent=\skip64
\cftsecnumwidth=\skip65
\cftbeforesubsecskip=\skip66
\cftsubsecindent=\skip67
\cftsubsecnumwidth=\skip68
\cftbeforesubsubsecskip=\skip69
\cftsubsubsecindent=\skip70
\cftsubsubsecnumwidth=\skip71
\cftbeforeparaskip=\skip72
\cftparaindent=\skip73
\cftparanumwidth=\skip74
\cftbeforesubparaskip=\skip75
\cftsubparaindent=\skip76
\cftsubparanumwidth=\skip77
\cftbeforeloftitleskip=\skip78
\cftafterloftitleskip=\skip79
\cftbeforefigskip=\skip80
\cftfigindent=\skip81
\cftfignumwidth=\skip82
\c@lofdepth=\count323
\c@lotdepth=\count324
\cftbeforelottitleskip=\skip83
\cftafterlottitleskip=\skip84
\cftbeforetabskip=\skip85
\cfttabindent=\skip86
\cfttabnumwidth=\skip87
)
(C:\Users\Dinda Thalia Fahira\AppData\Local\Programs\MiKTeX\tex/latex/lipsum\li
psum.sty
(C:\Users\Dinda Thalia Fahira\AppData\Local\Programs\MiKTeX\tex/latex/l3package
s/l3keys2e\l3keys2e.sty
Package: l3keys2e 2024-08-16 LaTeX2e option processing using LaTeX3 keys
)
Package: lipsum 2021-09-20 v2.7 150 paragraphs of Lorem Ipsum dummy text
\g__lipsum_par_int=\count325
\l__lipsum_a_int=\count326
\l__lipsum_b_int=\count327

(C:\Users\Dinda Thalia Fahira\AppData\Local\Programs\MiKTeX\tex/latex/lipsum\li
psum.ltd.tex))
(C:\Users\Dinda Thalia Fahira\AppData\Local\Programs\MiKTeX\tex/latex/floatrow\
floatrow.sty
Package: floatrow 2008/08/02 v0.3b floatrow: float package extension
\c@float@type=\count328
\float@exts=\toks23
\float@box=\box55
\@floatcapt=\box56
Package floatrow Info: Modified float package code loaded on input line 455.
Package floatrow Info: Modified rotfloat package code loaded on input line 473.

\FR@everyfloat=\toks24
\flrow@foot=\insert252
\FB@wd=\dimen180
\FBo@wd=\dimen181
\FBc@wd=\dimen182
\FBo@ht=\skip88
\FBc@ht=\skip89
\FBf@ht=\skip90
\FBo@max=\skip91
\FBc@max=\skip92
\FBf@max=\skip93
\c@FBl@b=\count329
\floatbox@depth=\count330
\c@FRobj=\count331
\c@FRsobj=\count332
\Xhsize=\skip94
\sXhsize=\skip95
\Zhsize=\skip96
\sZhsize=\skip97
\flrow@rowbox=\box57
\FR@Zunitlength=\dimen183
\c@FBcnt=\count333
\FPOScnt=\count334
\LTleft=\skip98
\LTright=\skip99
\LTleft=\skip100
\LTright=\skip101
\flrow@types=\toks25
)
(C:\Users\Dinda Thalia Fahira\AppData\Local\Programs\MiKTeX\tex/latex/listings\
listings.sty
\lst@mode=\count335
\lst@gtempboxa=\box58
\lst@token=\toks26
\lst@length=\count336
\lst@currlwidth=\dimen184
\lst@column=\count337
\lst@pos=\count338
\lst@lostspace=\dimen185
\lst@width=\dimen186
\lst@newlines=\count339
\lst@lineno=\count340
\lst@maxwidth=\dimen187

(C:\Users\Dinda Thalia Fahira\AppData\Local\Programs\MiKTeX\tex/latex/listings\
lstpatch.sty
File: lstpatch.sty 2024/09/23 1.10c (Carsten Heinz)
)
(C:\Users\Dinda Thalia Fahira\AppData\Local\Programs\MiKTeX\tex/latex/listings\
lstmisc.sty
File: lstmisc.sty 2024/09/23 1.10c (Carsten Heinz)
\c@lstnumber=\count341
\lst@skipnumbers=\count342
\lst@framebox=\box59
)
(C:\Users\Dinda Thalia Fahira\AppData\Local\Programs\MiKTeX\tex/latex/listings\
listings.cfg
File: listings.cfg 2024/09/23 1.10c listings configuration
))
Package: listings 2024/09/23 1.10c (Carsten Heinz)

(C:\Users\Dinda Thalia Fahira\AppData\Local\Programs\MiKTeX\tex/latex/amsmath\a
msmath.sty
Package: amsmath 2025/06/16 v2.17y AMS math features
\@mathmargin=\skip102

For additional information on amsmath, use the `?' option.

(C:\Users\Dinda Thalia Fahira\AppData\Local\Programs\MiKTeX\tex/latex/amsmath\a
mstext.sty
Package: amstext 2024/11/17 v2.01 AMS text

(C:\Users\Dinda Thalia Fahira\AppData\Local\Programs\MiKTeX\tex/latex/amsmath\a
msgen.sty
File: amsgen.sty 1999/11/30 v2.0 generic functions
\@emptytoks=\toks27
\ex@=\dimen188
))
(C:\Users\Dinda Thalia Fahira\AppData\Local\Programs\MiKTeX\tex/latex/amsmath\a
msbsy.sty
Package: amsbsy 1999/11/29 v1.2d Bold Symbols
\pmbraise@=\dimen189
)
(C:\Users\Dinda Thalia Fahira\AppData\Local\Programs\MiKTeX\tex/latex/amsmath\a
msopn.sty
Package: amsopn 2022/04/08 v2.04 operator names
)
\inf@bad=\count343
LaTeX Info: Redefining \frac on input line 233.
\uproot@=\count344
\leftroot@=\count345
LaTeX Info: Redefining \overline on input line 398.
LaTeX Info: Redefining \colon on input line 409.
\classnum@=\count346
\DOTSCASE@=\count347
LaTeX Info: Redefining \ldots on input line 495.
LaTeX Info: Redefining \dots on input line 498.
LaTeX Info: Redefining \cdots on input line 619.
\Mathstrutbox@=\box60
\strutbox@=\box61
LaTeX Info: Redefining \big on input line 721.
LaTeX Info: Redefining \Big on input line 722.
LaTeX Info: Redefining \bigg on input line 723.
LaTeX Info: Redefining \Bigg on input line 724.
\big@size=\dimen190
LaTeX Font Info:    Redeclaring font encoding OML on input line 742.
LaTeX Font Info:    Redeclaring font encoding OMS on input line 743.
\macc@depth=\count348
LaTeX Info: Redefining \bmod on input line 904.
LaTeX Info: Redefining \pmod on input line 909.
LaTeX Info: Redefining \smash on input line 939.
LaTeX Info: Redefining \relbar on input line 969.
LaTeX Info: Redefining \Relbar on input line 970.
\c@MaxMatrixCols=\count349
\dotsspace@=\muskip18
\c@parentequation=\count350
\dspbrk@lvl=\count351
\tag@help=\toks28
\row@=\count352
\column@=\count353
\maxfields@=\count354
\andhelp@=\toks29
\eqnshift@=\dimen191
\alignsep@=\dimen192
\tagshift@=\dimen193
\tagwidth@=\dimen194
\totwidth@=\dimen195
\lineht@=\dimen196
\@envbody=\toks30
\multlinegap=\skip103
\multlinetaggap=\skip104
\mathdisplay@stack=\toks31
LaTeX Info: Redefining \[ on input line 2949.
LaTeX Info: Redefining \] on input line 2950.
)
(C:\Users\Dinda Thalia Fahira\AppData\Local\Programs\MiKTeX\tex/latex/amsfonts\
amssymb.sty
Package: amssymb 2013/01/14 v3.01 AMS font symbols

(C:\Users\Dinda Thalia Fahira\AppData\Local\Programs\MiKTeX\tex/latex/amsfonts\
amsfonts.sty
Package: amsfonts 2013/01/14 v3.01 Basic AMSFonts support
\symAMSa=\mathgroup4
\symAMSb=\mathgroup5
LaTeX Font Info:    Redeclaring math symbol \hbar on input line 98.
LaTeX Font Info:    Overwriting math alphabet `\mathfrak' in version `bold'
(Font)                  U/euf/m/n --> U/euf/b/n on input line 106.
))
(C:\Users\Dinda Thalia Fahira\AppData\Local\Programs\MiKTeX\tex/latex/enumitem\
enumitem.sty
Package: enumitem 2025/02/06 v3.11 Customized lists
\labelindent=\skip105
\enit@outerparindent=\dimen197
\enit@toks=\toks32
\enit@inbox=\box62
\enit@count@id=\count355
\enitdp@description=\count356
)
(C:\Users\Dinda Thalia Fahira\AppData\Local\Programs\MiKTeX\tex/latex/parskip\p
arskip.sty
Package: parskip 2021-03-14 v2.0h non-zero parskip adjustments
)
(C:\Users\Dinda Thalia Fahira\AppData\Local\Programs\MiKTeX\tex/latex/tools\lon
gtable.sty
Package: longtable 2024-12-18 v4.23 Multi-page Table package (DPC)
\LTleft=\skip106
\LTright=\skip107
\LTpre=\skip108
\LTpost=\skip109
\LTchunksize=\count357
\LTcapwidth=\dimen198
\LT@head=\box63
\LT@firsthead=\box64
\LT@foot=\box65
\LT@lastfoot=\box66
\LT@gbox=\box67
\LT@cols=\count358
\LT@rows=\count359
\c@LT@tables=\count360
\c@LT@chunks=\count361
\LT@p@ftn=\toks33
)
(C:\Users\Dinda Thalia Fahira\AppData\Local\Programs\MiKTeX\tex/latex/booktabs\
booktabs.sty
Package: booktabs 2020/01/12 v1.61803398 Publication quality tables
\heavyrulewidth=\dimen199
\lightrulewidth=\dimen256
\cmidrulewidth=\dimen257
\belowrulesep=\dimen258
\belowbottomsep=\dimen259
\aboverulesep=\dimen260
\abovetopsep=\dimen261
\cmidrulesep=\dimen262
\cmidrulekern=\dimen263
\defaultaddspace=\dimen264
\@cmidla=\count362
\@cmidlb=\count363
\@aboverulesep=\dimen265
\@belowrulesep=\dimen266
\@thisruleclass=\count364
\@lastruleclass=\count365
\@thisrulewidth=\dimen267
)
(C:\Users\Dinda Thalia Fahira\AppData\Local\Programs\MiKTeX\tex/latex/datetime2
\datetime2.sty
Package: datetime2 2021/03/21 v1.5.7 (NLCT) date and time formats

(C:\Users\Dinda Thalia Fahira\AppData\Local\Programs\MiKTeX\tex/latex/tracklang
\tracklang.sty
Package: tracklang 2025/03/11 v1.6.6 (NLCT) Track Languages

(C:\Users\Dinda Thalia Fahira\AppData\Local\Programs\MiKTeX\tex/generic/trackla
ng\tracklang.tex)
Package tracklang Info: Tracking dialect `indonesian' (language `bahasai') on i
nput line 264.
Package tracklang Info: Tracking dialect `indonesian' (language `bahasai') on i
nput line 264.
)
(C:\Users\Dinda Thalia Fahira\AppData\Local\Programs\MiKTeX\tex/latex/xkeyval\x
keyval.sty
Package: xkeyval 2022/06/16 v2.9 package option processing (HA)

(C:\Users\Dinda Thalia Fahira\AppData\Local\Programs\MiKTeX\tex/generic/xkeyval
\xkeyval.tex
(C:\Users\Dinda Thalia Fahira\AppData\Local\Programs\MiKTeX\tex/generic/xkeyval
\xkvutils.tex
\XKV@toks=\toks34
\XKV@tempa@toks=\toks35
)
\XKV@depth=\count366
File: xkeyval.tex 2014/12/03 v2.7a key=value parser (HA)
))
Package tracklang Info: Tracking dialect `bahasai' (language `bahasai') on inpu
t line 217.

(C:\Users\Dinda Thalia Fahira\AppData\Local\Programs\MiKTeX\tex/latex/datetime2
-bahasai\datetime2-bahasai.ldf
File: datetime2-bahasai.ldf 2018/01/10 v1.01
))
(C:\Users\Dinda Thalia Fahira\AppData\Local\Programs\MiKTeX\tex/latex/biblatex-
chicago\biblatex-chicago.sty
Package: biblatex-chicago 2022/07/02 v 3.18 biblatex style

(C:\Users\Dinda Thalia Fahira\AppData\Local\Programs\MiKTeX\tex/latex/xstring\x
string.sty
(C:\Users\Dinda Thalia Fahira\AppData\Local\Programs\MiKTeX\tex/generic/xstring
\xstring.tex
\xs_counta=\count367
\xs_countb=\count368
)
Package: xstring 2023/08/22 v1.86 String manipulations (CT)
)
(C:\Users\Dinda Thalia Fahira\AppData\Local\Programs\MiKTeX\tex/latex/biblatex\
biblatex.sty
Package: biblatex 2025/07/10 v3.21 programmable bibliographies (PK/MW)

(C:\Users\Dinda Thalia Fahira\AppData\Local\Programs\MiKTeX\tex/latex/logreq\lo
greq.sty
Package: logreq 2010/08/04 v1.0 xml request logger
\lrq@indent=\count369

(C:\Users\Dinda Thalia Fahira\AppData\Local\Programs\MiKTeX\tex/latex/logreq\lo
greq.def
File: logreq.def 2010/08/04 v1.0 logreq spec v1.0
))
(C:\Users\Dinda Thalia Fahira\AppData\Local\Programs\MiKTeX\tex/latex/base\ifth
en.sty
Package: ifthen 2024/03/16 v1.1e Standard LaTeX ifthen package (DPC)
)
\c@tabx@nest=\count370
\c@listtotal=\count371
\c@listcount=\count372
\c@liststart=\count373
\c@liststop=\count374
\c@citecount=\count375
\c@citetotal=\count376
\c@multicitecount=\count377
\c@multicitetotal=\count378
\c@instcount=\count379
\c@maxnames=\count380
\c@minnames=\count381
\c@maxitems=\count382
\c@minitems=\count383
\c@citecounter=\count384
\c@maxcitecounter=\count385
\c@savedcitecounter=\count386
\c@uniquelist=\count387
\c@uniquename=\count388
\c@refsection=\count389
\c@refsegment=\count390
\c@maxextratitle=\count391
\c@maxextratitleyear=\count392
\c@maxextraname=\count393
\c@maxextradate=\count394
\c@maxextraalpha=\count395
\c@abbrvpenalty=\count396
\c@highnamepenalty=\count397
\c@lownamepenalty=\count398
\c@maxparens=\count399
\c@parenlevel=\count400
\blx@tempcnta=\count401
\blx@tempcntb=\count402
\blx@tempcntc=\count403
\c@blx@maxsection=\count404
\blx@maxsegment@0=\count405
\blx@notetype=\count406
\blx@parenlevel@text=\count407
\blx@parenlevel@foot=\count408
\blx@sectionciteorder@0=\count409
\blx@sectionciteorderinternal@0=\count410
\blx@entrysetcounter=\count411
\blx@biblioinstance=\count412
\labelnumberwidth=\skip110
\labelalphawidth=\skip111
\biblabelsep=\skip112
\bibitemsep=\skip113
\bibnamesep=\skip114
\bibinitsep=\skip115
\bibparsep=\skip116
\bibhang=\skip117
\blx@bcfin=\read3
\blx@bcfout=\write3
\blx@langwohyphens=\language80
\c@mincomprange=\count413
\c@maxcomprange=\count414
\c@mincompwidth=\count415
Package biblatex Info: Trying to load biblatex default data model...
Package biblatex Info: ... file 'blx-dm.def' found.

(C:\Users\Dinda Thalia Fahira\AppData\Local\Programs\MiKTeX\tex/latex/biblatex\
blx-dm.def
File: blx-dm.def 2025/07/10 v3.21 biblatex datamodel (PK/MW)
)
Package biblatex Info: Trying to load biblatex style data model...
Package biblatex Info: ... file 'chicago-authordate.dbx' not found.
Package biblatex Info: Trying to load biblatex custom data model...
Package biblatex Info: ... file 'biblatex-dm.cfg' not found.
\c@afterword=\count416
\c@savedafterword=\count417
\c@annotator=\count418
\c@savedannotator=\count419
\c@author=\count420
\c@savedauthor=\count421
\c@bookauthor=\count422
\c@savedbookauthor=\count423
\c@commentator=\count424
\c@savedcommentator=\count425
\c@editor=\count426
\c@savededitor=\count427
\c@editora=\count428
\c@savededitora=\count429
\c@editorb=\count430
\c@savededitorb=\count431
\c@editorc=\count432
\c@savededitorc=\count433
\c@foreword=\count434
\c@savedforeword=\count435
\c@holder=\count436
\c@savedholder=\count437
\c@introduction=\count438
\c@savedintroduction=\count439
\c@namea=\count440
\c@savednamea=\count441
\c@nameb=\count442
\c@savednameb=\count443
\c@namec=\count444
\c@savednamec=\count445
\c@translator=\count446
\c@savedtranslator=\count447
\c@shortauthor=\count448
\c@savedshortauthor=\count449
\c@shorteditor=\count450
\c@savedshorteditor=\count451
\c@labelname=\count452
\c@savedlabelname=\count453
\c@institution=\count454
\c@savedinstitution=\count455
\c@lista=\count456
\c@savedlista=\count457
\c@listb=\count458
\c@savedlistb=\count459
\c@listc=\count460
\c@savedlistc=\count461
\c@listd=\count462
\c@savedlistd=\count463
\c@liste=\count464
\c@savedliste=\count465
\c@listf=\count466
\c@savedlistf=\count467
\c@location=\count468
\c@savedlocation=\count469
\c@organization=\count470
\c@savedorganization=\count471
\c@origlocation=\count472
\c@savedoriglocation=\count473
\c@origpublisher=\count474
\c@savedorigpublisher=\count475
\c@publisher=\count476
\c@savedpublisher=\count477
\c@language=\count478
\c@savedlanguage=\count479
\c@origlanguage=\count480
\c@savedoriglanguage=\count481
\c@pageref=\count482
\c@savedpageref=\count483
\shorthandwidth=\skip118
\shortjournalwidth=\skip119
\shortserieswidth=\skip120
\shorttitlewidth=\skip121
\shortauthorwidth=\skip122
\shorteditorwidth=\skip123
\locallabelnumberwidth=\skip124
\locallabelalphawidth=\skip125
\localshorthandwidth=\skip126
\localshortjournalwidth=\skip127
\localshortserieswidth=\skip128
\localshorttitlewidth=\skip129
\localshortauthorwidth=\skip130
\localshorteditorwidth=\skip131
Package biblatex Info: Trying to load enhanced support for Unicode engines...
Package biblatex Info: ... file 'blx-unicode.def' found.

(C:\Users\Dinda Thalia Fahira\AppData\Local\Programs\MiKTeX\tex/latex/biblatex\
blx-unicode.def)
Package biblatex Info: Trying to load compatibility code...
Package biblatex Info: ... file 'blx-compat.def' found.

(C:\Users\Dinda Thalia Fahira\AppData\Local\Programs\MiKTeX\tex/latex/biblatex\
blx-compat.def
File: blx-compat.def 2025/07/10 v3.21 biblatex compatibility (PK/MW)
)
Package biblatex Info: Trying to load generic definitions...
Package biblatex Info: ... file 'biblatex.def' found.

(C:\Users\Dinda Thalia Fahira\AppData\Local\Programs\MiKTeX\tex/latex/biblatex\
biblatex.def
File: biblatex.def 2025/07/10 v3.21 biblatex compatibility (PK/MW)
\c@textcitecount=\count484
\c@textcitetotal=\count485
\c@textcitemaxnames=\count486
\c@biburlbigbreakpenalty=\count487
\c@biburlbreakpenalty=\count488
\c@biburlnumpenalty=\count489
\c@biburlucpenalty=\count490
\c@biburllcpenalty=\count491
\biburlbigskip=\muskip19
\biburlnumskip=\muskip20
\biburlucskip=\muskip21
\biburllcskip=\muskip22
\c@smartand=\count492
)
Package biblatex Info: Trying to load bibliography style 'chicago-authordate'..
.
Package biblatex Info: ... file 'chicago-authordate.bbx' found.

(C:\Users\Dinda Thalia Fahira\AppData\Local\Programs\MiKTeX\tex/latex/biblatex-
chicago\chicago-authordate.bbx
File: chicago-authordate.bbx 2022/11/17 v 3.18b biblatex bibliography style
\lositemsep=\skip132
Package biblatex Info: Delimiter 'revsdnamedelim' in context '' already defined
, overwriting.
\cms@tempcnta=\count493
\cms@tempcntb=\count494
\c@bbx:relatedcount=\count495
\c@bbx:relatedtotal=\count496
)
Package biblatex Info: Trying to load citation style 'chicago-authordate'...
Package biblatex Info: ... file 'chicago-authordate.cbx' found.

(C:\Users\Dinda Thalia Fahira\AppData\Local\Programs\MiKTeX\tex/latex/biblatex-
chicago\chicago-authordate.cbx
File: chicago-authordate.cbx 2022/07/02 v 3.18 biblatex citation style
Package biblatex Info: Trying to load citation style 'chicago-dates-common'...
Package biblatex Info: ... file 'chicago-dates-common.cbx' found.

(C:\Users\Dinda Thalia Fahira\AppData\Local\Programs\MiKTeX\tex/latex/biblatex-
chicago\chicago-dates-common.cbx
File: chicago-dates-common.cbx 2024/04/15 v 3.20 biblatex citation style
Package biblatex Info: Redefining '\cite'.
Package biblatex Info: Redefining '\parencite'.
Package biblatex Info: Redefining '\footcite'.
Package biblatex Info: Redefining '\footcitetext'.
Package biblatex Info: Redefining '\citetitle'.
Package biblatex Info: Redefining '\footfullcite'.
Package biblatex Info: Redefining '\fullcite'.
Package biblatex Info: Redefining '\textcite'.
Package biblatex Info: Redefining '\textcites'.
Package biblatex Info: Redefining '\cites'.
Package biblatex Info: Redefining '\parencites'.
Package biblatex Info: Redefining '\footcites'.
Package biblatex Info: Redefining '\footcitetexts'.
\c@cms@punct=\count497
Package biblatex Info: Delimiter 'dateeradelim' in context '' already defined, 
overwriting.
))
Package biblatex Info: Trying to load configuration file...
Package biblatex Info: ... file 'biblatex.cfg' found.

(C:\Users\Dinda Thalia Fahira\AppData\Local\Programs\MiKTeX\tex/latex/biblatex\
biblatex.cfg
File: biblatex.cfg 
)
Package biblatex Info: XeTeX detected.
(biblatex)             Assuming input encoding 'utf8'.
Package biblatex Info: Document encoding is UTF8 ....
Package biblatex Info: ... and expl3
(biblatex)             2025-09-02 L3 programming layer (loader) 
(biblatex)             is new enough (at least 2020/04/06),
(biblatex)             setting 'casechanger=expl3'.

(C:\Users\Dinda Thalia Fahira\AppData\Local\Programs\MiKTeX\tex/latex/biblatex\
blx-case-expl3.sty
Package: blx-case-expl3 2025/07/10 v3.21 expl3 case changing code for biblatex
)))
Package hyperref Info: Option `colorlinks' set `true' on input line 159.
Package csquotes Info: Checking for multilingual support...
Package csquotes Info: ... found 'babel' package.
Package csquotes Info: Adjusting default style.


Package csquotes Warning: No style for language 'indonesian'.
(csquotes)                Using fallback style on input line 201.

Package csquotes Info: Redefining alias 'default' -> 'fallback'.
(ProposalTA.aux
(C:\Users\Dinda Thalia Fahira\AppData\Local\Programs\MiKTeX\tex/generic/babel/l
ocale/en\babel-english.tex)
Package babel Info: Importing data for english
(babel)             from babel-en.ini. Reported on input line 30.
)
\openout1 = `ProposalTA.aux'.

LaTeX Font Info:    Checking defaults for OML/cmm/m/it on input line 201.
LaTeX Font Info:    ... okay on input line 201.
LaTeX Font Info:    Checking defaults for OMS/cmsy/m/n on input line 201.
LaTeX Font Info:    ... okay on input line 201.
LaTeX Font Info:    Checking defaults for OT1/cmr/m/n on input line 201.
LaTeX Font Info:    ... okay on input line 201.
LaTeX Font Info:    Checking defaults for T1/cmr/m/n on input line 201.
LaTeX Font Info:    ... okay on input line 201.
LaTeX Font Info:    Checking defaults for TS1/cmr/m/n on input line 201.
LaTeX Font Info:    ... okay on input line 201.
LaTeX Font Info:    Checking defaults for TU/lmr/m/n on input line 201.
LaTeX Font Info:    ... okay on input line 201.
LaTeX Font Info:    Checking defaults for OMX/cmex/m/n on input line 201.
LaTeX Font Info:    ... okay on input line 201.
LaTeX Font Info:    Checking defaults for U/cmr/m/n on input line 201.
LaTeX Font Info:    ... okay on input line 201.
LaTeX Font Info:    Checking defaults for PD1/pdf/m/n on input line 201.
LaTeX Font Info:    ... okay on input line 201.
LaTeX Font Info:    Checking defaults for PU/pdf/m/n on input line 201.
LaTeX Font Info:    ... okay on input line 201.

Package fontspec Info: 
(fontspec)             Adjusting the maths setup (use [no-math] to avoid
(fontspec)             this).

\symlegacymaths=\mathgroup6
LaTeX Font Info:    Overwriting symbol font `legacymaths' in version `bold'
(Font)                  OT1/cmr/m/n --> OT1/cmr/bx/n on input line 201.
LaTeX Font Info:    Redeclaring math accent \acute on input line 201.
LaTeX Font Info:    Redeclaring math accent \grave on input line 201.
LaTeX Font Info:    Redeclaring math accent \ddot on input line 201.
LaTeX Font Info:    Redeclaring math accent \tilde on input line 201.
LaTeX Font Info:    Redeclaring math accent \bar on input line 201.
LaTeX Font Info:    Redeclaring math accent \breve on input line 201.
LaTeX Font Info:    Redeclaring math accent \check on input line 201.
LaTeX Font Info:    Redeclaring math accent \hat on input line 201.
LaTeX Font Info:    Redeclaring math accent \dot on input line 201.
LaTeX Font Info:    Redeclaring math accent \mathring on input line 201.
LaTeX Font Info:    Redeclaring math symbol \Gamma on input line 201.
LaTeX Font Info:    Redeclaring math symbol \Delta on input line 201.
LaTeX Font Info:    Redeclaring math symbol \Theta on input line 201.
LaTeX Font Info:    Redeclaring math symbol \Lambda on input line 201.
LaTeX Font Info:    Redeclaring math symbol \Xi on input line 201.
LaTeX Font Info:    Redeclaring math symbol \Pi on input line 201.
LaTeX Font Info:    Redeclaring math symbol \Sigma on input line 201.
LaTeX Font Info:    Redeclaring math symbol \Upsilon on input line 201.
LaTeX Font Info:    Redeclaring math symbol \Phi on input line 201.
LaTeX Font Info:    Redeclaring math symbol \Psi on input line 201.
LaTeX Font Info:    Redeclaring math symbol \Omega on input line 201.
LaTeX Font Info:    Redeclaring math symbol \mathdollar on input line 201.
LaTeX Font Info:    Redeclaring symbol font `operators' on input line 201.
LaTeX Font Info:    Encoding `OT1' has changed to `TU' for symbol font
(Font)              `operators' in the math version `normal' on input line 201.

LaTeX Font Info:    Overwriting symbol font `operators' in version `normal'
(Font)                  OT1/cmr/m/n --> TU/TimesNewRoman(0)/m/n on input line 2
01.
LaTeX Font Info:    Encoding `OT1' has changed to `TU' for symbol font
(Font)              `operators' in the math version `bold' on input line 201.
LaTeX Font Info:    Overwriting symbol font `operators' in version `bold'
(Font)                  OT1/cmr/bx/n --> TU/TimesNewRoman(0)/m/n on input line 
201.
LaTeX Font Info:    Overwriting symbol font `operators' in version `normal'
(Font)                  TU/TimesNewRoman(0)/m/n --> TU/TimesNewRoman(0)/m/n on 
input line 201.
LaTeX Font Info:    Overwriting math alphabet `\mathit' in version `normal'
(Font)                  OT1/cmr/m/it --> TU/TimesNewRoman(0)/m/it on input line
 201.
LaTeX Font Info:    Overwriting math alphabet `\mathbf' in version `normal'
(Font)                  OT1/cmr/bx/n --> TU/TimesNewRoman(0)/b/n on input line 
201.
LaTeX Font Info:    Overwriting math alphabet `\mathsf' in version `normal'
(Font)                  OT1/cmss/m/n --> TU/lmss/m/n on input line 201.
LaTeX Font Info:    Overwriting math alphabet `\mathtt' in version `normal'
(Font)                  OT1/cmtt/m/n --> TU/lmtt/m/n on input line 201.
LaTeX Font Info:    Overwriting symbol font `operators' in version `bold'
(Font)                  TU/TimesNewRoman(0)/m/n --> TU/TimesNewRoman(0)/b/n on 
input line 201.
LaTeX Font Info:    Overwriting math alphabet `\mathit' in version `bold'
(Font)                  OT1/cmr/bx/it --> TU/TimesNewRoman(0)/b/it on input lin
e 201.
LaTeX Font Info:    Overwriting math alphabet `\mathsf' in version `bold'
(Font)                  OT1/cmss/bx/n --> TU/lmss/b/n on input line 201.
LaTeX Font Info:    Overwriting math alphabet `\mathtt' in version `bold'
(Font)                  OT1/cmtt/m/n --> TU/lmtt/b/n on input line 201.

*geometry* driver: auto-detecting
*geometry* detected driver: xetex
*geometry* verbose mode - [ preamble ] result:
* driver: xetex
* paper: a4paper
* layout: <same size as paper>
* layoutoffset:(h,v)=(0.0pt,0.0pt)
* modes: 
* h-part:(L,W,R)=(113.81102pt, 398.3386pt, 85.35826pt)
* v-part:(T,H,B)=(85.35826pt, 674.33032pt, 85.35826pt)
* \paperwidth=597.50787pt
* \paperheight=845.04684pt
* \textwidth=398.3386pt
* \textheight=674.33032pt
* \oddsidemargin=41.54103pt
* \evensidemargin=41.54103pt
* \topmargin=-18.78552pt
* \headheight=12.0pt
* \headsep=19.8738pt
* \topskip=12.0pt
* \footskip=30.0pt
* \marginparwidth=38.0pt
* \marginparsep=7.0pt
* \columnsep=10.0pt
* \skip\footins=10.8pt plus 4.0pt minus 2.0pt
* \hoffset=0.0pt
* \voffset=0.0pt
* \mag=1000
* \@twocolumnfalse
* \@twosidefalse
* \@mparswitchfalse
* \@reversemarginfalse
* (1in=72.27pt=25.4mm, 1cm=28.453pt)

Package caption Info: Begin \AtBeginDocument code.
Package caption Info: float package is loaded.
Package caption Info: floatrow package is loaded.
Package caption Info: floatrow package is loaded.
Package caption Info: hyperref package is loaded.
Package caption Info: listings package is loaded.
Package caption Info: longtable package is loaded.

(C:\Users\Dinda Thalia Fahira\AppData\Local\Programs\MiKTeX\tex/latex/caption\l
tcaption.sty
Package: ltcaption 2021/01/08 v1.4c longtable captions (AR)
)
Package caption Info: Fixing longtable code of `floatrow' package.
Package caption Info: End \AtBeginDocument code.

(C:\Users\Dinda Thalia Fahira\AppData\Local\Programs\MiKTeX\tex/latex/graphics\
color.sty
Package: color 2025/01/14 v1.3e Standard LaTeX Color (DPC)

(C:\Users\Dinda Thalia Fahira\AppData\Local\Programs\MiKTeX\tex/latex/graphics-
cfg\color.cfg
File: color.cfg 2016/01/02 v1.6 sample color configuration
)
Package color Info: Driver file: xetex.def on input line 149.

(C:\Users\Dinda Thalia Fahira\AppData\Local\Programs\MiKTeX\tex/latex/graphics\
mathcolor.ltx))
Package hyperref Info: Link coloring ON on input line 201.
 (ProposalTA.out) (ProposalTA.out)
\@outlinefile=\write4
\openout4 = `ProposalTA.out'.


(C:\Users\Dinda Thalia Fahira\AppData\Local\Programs\MiKTeX\tex/latex/floatrow\
fr-longtable.sty
Package: fr-longtable 2007/11/28 v0.1b (beta) floatrow: additions for longtable

\flrow@LT@lasthead=\box68
\flrow@LT@prelastfoot=\box69
\c@FBLTpage=\count498
)
\c@lstlisting=\count499
Package biblatex Info: Trying to load language 'indonesian'...
Package biblatex Info: ... file 'indonesian.lbx' not found.


Package biblatex Warning: Language 'indonesian' not supported.
(biblatex)                Using dummy definitions on input line 201.

Package biblatex Info: Trying to load language 'english'...
Package biblatex Info: ... file 'english.lbx' found.

(C:\Users\Dinda Thalia Fahira\AppData\Local\Programs\MiKTeX\tex/latex/biblatex/
lbx\english.lbx
File: english.lbx 2025/07/10 v3.21 biblatex localization (PK/MW)
)
Package biblatex Info: XeTeX detected.
(biblatex)             Assuming input encoding 'utf8'.
Package biblatex Info: Automatic encoding selection.
(biblatex)             Assuming data encoding 'utf8'.
\openout3 = `ProposalTA.bcf'.

Package biblatex Info: Trying to load bibliographic data...
Package biblatex Info: ... file 'ProposalTA.bbl' found.
 (ProposalTA.bbl)
Package biblatex Info: Reference section=0 on input line 201.
Package biblatex Info: Reference segment=0 on input line 201.
File: image/ganesha.jpg Graphic file (type bmp)
<image/ganesha.jpg>


Package datetime2 Warning: Region `bahasai' has ignored 
(datetime2)                the following settings:
(datetime2)                showmonthname=true
 on input line 243.



[1


]

[1] (ProposalTA.toc
LaTeX Font Info:    Trying to load font information for U+msa on input line 2.

(C:\Users\Dinda Thalia Fahira\AppData\Local\Programs\MiKTeX\tex/latex/amsfonts\
umsa.fd
File: umsa.fd 2013/01/14 v3.01 AMS symbols A
)
LaTeX Font Info:    Trying to load font information for U+msb on input line 2.

(C:\Users\Dinda Thalia Fahira\AppData\Local\Programs\MiKTeX\tex/latex/amsfonts\
umsb.fd
File: umsb.fd 2013/01/14 v3.01 AMS symbols B
)

[2

])
\tf@toc=\write5
\openout5 = `ProposalTA.toc'.



[3] (ProposalTA.lof)
\tf@lof=\write6
\openout6 = `ProposalTA.lof'.



[4] (ProposalTA.lot)
\tf@lot=\write7
\openout7 = `ProposalTA.lot'.



[5] (ProposalTA.lol)
\tf@lol=\write8
\openout8 = `ProposalTA.lol'.



Package hyperref Warning: Token not allowed in a PDF string (Unicode):
(hyperref)                removing `\<let>-command' on input line 356.


Package hyperref Warning: Token not allowed in a PDF string (Unicode):
(hyperref)                removing `\\' on input line 356.


Package hyperref Warning: Token not allowed in a PDF string (Unicode):
(hyperref)                removing `\@centercr' on input line 356.


Package hyperref Warning: Token not allowed in a PDF string (Unicode):
(hyperref)                removing `\rightskip' on input line 356.


Package hyperref Warning: Token not allowed in a PDF string (Unicode):
(hyperref)                removing `\@flushglue' on input line 356.


Package hyperref Warning: Token not allowed in a PDF string (Unicode):
(hyperref)                removing `\leftskip' on input line 356.


Package hyperref Warning: Token not allowed in a PDF string (Unicode):
(hyperref)                removing `\@flushglue' on input line 356.


Package hyperref Warning: Token not allowed in a PDF string (Unicode):
(hyperref)                removing `\finalhyphendemerits' on input line 356.


Package hyperref Warning: Token not allowed in a PDF string (Unicode):
(hyperref)                removing `\z@' on input line 356.


Package hyperref Warning: Token not allowed in a PDF string (Unicode):
(hyperref)                removing `\parindent' on input line 356.


Package hyperref Warning: Token not allowed in a PDF string (Unicode):
(hyperref)                removing `\z@' on input line 356.


Package hyperref Warning: Token not allowed in a PDF string (Unicode):
(hyperref)                removing `\parfillskip' on input line 356.


Package hyperref Warning: Token not allowed in a PDF string (Unicode):
(hyperref)                removing `\z@skip' on input line 356.



[6

] (Bab I - Pendahuluan.tex
Bab I.


[1


]
Overfull \hbox (4.45338pt too wide) in paragraph at lines 34--35
[]\TU/TimesNewRoman(0)/m/n/12 Untuk memastikan bahwa tujuan pengembangan \TU/Ti
mesNewRoman(0)/m/it/12 front end \TU/TimesNewRoman(0)/m/n/12 aplikasi \TU/Times
NewRoman(0)/m/it/12 tracker \TU/TimesNewRoman(0)/m/n/12 ITB Ultra-
 []



[2]

[3]) (Bab II - Studi-Literatur.tex

[4]
Bab II.


[5

]
File: image/rute2025.png Graphic file (type bmp)
<image/rute2025.png>


[6] (table/kategori.tex)

[7]

[8]
Overfull \hbox (6.43481pt too wide) in paragraph at lines 54--55
[]\TU/TimesNewRoman(0)/m/n/12 Penerapan \TU/TimesNewRoman(0)/m/it/12 UCD \TU/Ti
mesNewRoman(0)/m/n/12 dalam pengembangan \TU/TimesNewRoman(0)/m/it/12 front-end
 \TU/TimesNewRoman(0)/m/n/12 aplikasi \TU/TimesNewRoman(0)/m/it/12 tracker \TU/
TimesNewRoman(0)/m/n/12 ITB Ultra-Marathon
 []

) (Bab III - Analisis-Masalah.tex

[9]
Bab III.

Overfull \hbox (0.62003pt too wide) in paragraph at lines 9--10
\TU/TimesNewRoman(0)/m/n/12 Analisis masalah dilakukan sebagai proses menemukan
, memahami, dan merumusk-
 []

(table/asIs.tex
Overfull \hbox (7.54723pt too wide) in alignment at lines 1--8
 [] [] [] 
 []


Overfull \hbox (7.54723pt too wide) in alignment at lines 8--13
 [] [] [] 
 []


Overfull \hbox (7.54723pt too wide) in alignment at lines 13--16
 [] [] [] 
 []


Overfull \hbox (7.54723pt too wide) in alignment at lines 16--19
 [] [] [] 
 []


Underfull \hbox (badness 10000) in paragraph at lines 22--22
[]|\TU/TimesNewRoman(0)/m/n/12 Belum terdapat aplikasi
 []


Underfull \hbox (badness 10000) in paragraph at lines 22--22
\TU/TimesNewRoman(0)/m/n/12 khusus untuk ITB Ultra-
 []


Underfull \hbox (badness 10000) in paragraph at lines 22--22
\TU/TimesNewRoman(0)/m/n/12 Marathon; tracking hanya
 []


Underfull \hbox (badness 1762) in paragraph at lines 24--25
[]\TU/TimesNewRoman(0)/m/n/12 Tracking tim dan pe-
 []


Underfull \hbox (badness 6808) in paragraph at lines 30--30
[]|\TU/TimesNewRoman(0)/m/n/12 Tidak ada sistem navigasi
 []


Underfull \hbox (badness 10000) in paragraph at lines 30--30
\TU/TimesNewRoman(0)/m/n/12 tim \TU/TimesNewRoman(0)/m/it/12 support \TU/TimesN
ewRoman(0)/m/n/12 mengandalkan
 []


Underfull \hbox (badness 10000) in paragraph at lines 30--30
\TU/TimesNewRoman(0)/m/n/12 aplikasi eksternal seperti
 []


Underfull \hbox (badness 10000) in paragraph at lines 32--33
[]\TU/TimesNewRoman(0)/m/n/12 Sulit melacak posisi
 []


Underfull \hbox (badness 2452) in paragraph at lines 33--34
[]\TU/TimesNewRoman(0)/m/n/12 Tidak mengetahui es-
 []


Underfull \hbox (badness 10000) in paragraph at lines 34--35
[]\TU/TimesNewRoman(0)/m/n/12 Menyulitkan koordi-
 []


Underfull \hbox (badness 2884) in paragraph at lines 39--39
\TU/TimesNewRoman(0)/m/n/12 lum terintegrasi, mulai da-
 []


Underfull \hbox (badness 10000) in paragraph at lines 41--42
[]\TU/TimesNewRoman(0)/m/n/12 Menyulitkan panitia
 []


Underfull \hbox (badness 10000) in paragraph at lines 42--43
[]\TU/TimesNewRoman(0)/m/n/12 Menurunkan efisiensi
 []


Underfull \hbox (badness 10000) in paragraph at lines 42--43
\TU/TimesNewRoman(0)/m/n/12 penyajian informa-
 []


Underfull \hbox (badness 10000) in paragraph at lines 42--43
\TU/TimesNewRoman(0)/m/n/12 si pada antarmuka
 []


Underfull \hbox (badness 10000) in paragraph at lines 47--47
[]|\TU/TimesNewRoman(0)/m/n/12 Belum tersedia antarmuka
 []


Underfull \hbox (badness 7851) in paragraph at lines 47--47
\TU/TimesNewRoman(0)/m/n/12 atau aplikasi khusus yang
 []


Underfull \hbox (badness 10000) in paragraph at lines 47--47
\TU/TimesNewRoman(0)/m/n/12 mendukung kegiatan ITB
 []


Underfull \hbox (badness 1152) in paragraph at lines 49--50
\TU/TimesNewRoman(0)/m/n/12 liki satu \TU/TimesNewRoman(0)/m/it/12 platform \TU
/TimesNewRoman(0)/m/n/12 ter-
 []


Underfull \hbox (badness 3281) in paragraph at lines 49--50
\TU/TimesNewRoman(0)/m/n/12 padu untuk informasi
 []


Overfull \hbox (7.54723pt too wide) in alignment at lines 19--54
 [] [] [] 
 []

[10

])

[11]

[12] (table/fr.tex
Overfull \hbox (1.85675pt too wide) in alignment at lines 1--5
 [] [] [] 
 []


Overfull \hbox (1.85675pt too wide) in alignment at lines 5--10
 [] [] [] 
 []


Overfull \hbox (1.85675pt too wide) in alignment at lines 10--14
 [] [] [] 
 []


Overfull \hbox (1.85675pt too wide) in alignment at lines 14--17
 [] [] [] 
 []


Underfull \hbox (badness 10000) in paragraph at lines 19--19
[]|\TU/TimesNewRoman(0)/m/n/12 Tampilan Dashboard
 []


Underfull \hbox (badness 7777) in paragraph at lines 23--23
[]|\TU/TimesNewRoman(0)/m/n/12 Antarmuka menampilkan rute lomba,
 []


Underfull \hbox (badness 1412) in paragraph at lines 32--32
[]|\TU/TimesNewRoman(0)/m/n/12 Menyediakan tampilan untuk membuat
 []


Underfull \hbox (badness 10000) in paragraph at lines 37--37
[]|\TU/TimesNewRoman(0)/m/n/12 Status Operasional
 []


Underfull \hbox (badness 10000) in paragraph at lines 43--43
[]|\TU/TimesNewRoman(0)/m/n/12 Mode Akses Berda-
 []


Underfull \hbox (badness 10000) in paragraph at lines 46--46
[]|\TU/TimesNewRoman(0)/m/n/12 Tampilan Riwayat
 []


Underfull \hbox (badness 10000) in paragraph at lines 49--49
[]|\TU/TimesNewRoman(0)/m/n/12 Halaman Informasi
 []


Overfull \hbox (1.85675pt too wide) in alignment at lines 17--52
 [] [] [] 
 []

[13]) (table/nf.tex
Overfull \hbox (1.85675pt too wide) in alignment at lines 1--5
 [] [] [] 
 []


Overfull \hbox (1.85675pt too wide) in alignment at lines 5--10
 [] [] [] 
 []


Overfull \hbox (1.85675pt too wide) in alignment at lines 10--14
 [] [] [] 
 []


Overfull \hbox (1.85675pt too wide) in alignment at lines 14--17
 [] [] [] 
 []


Underfull \hbox (badness 10000) in paragraph at lines 19--19
[]|\TU/TimesNewRoman(0)/m/n/12 Responsivitas Perang-
 []


Overfull \hbox (1.85675pt too wide) in alignment at lines 17--34
 [] [] [] 
 []



[14])

[15]
Overfull \hbox (2.90456pt too wide) in paragraph at lines 64--65
[]\TU/TimesNewRoman(0)/m/it/12 Progressive Web Application \TU/TimesNewRoman(0)
/m/n/12 (PWA) adalah aplikasi web yang dibangun meng-
 []



[16] (table/feasibilitystudy.tex
Underfull \hbox (badness 10000) in paragraph at lines 4--5
[]|\TU/TimesNewRoman(0)/b/n/12 Mobile Native (Cross-
 []


Underfull \hbox (badness 10000) in paragraph at lines 9--10
[]|\TU/TimesNewRoman(0)/b/n/12 Mobile Native (Cross-
 []


Underfull \hbox (badness 4266) in paragraph at lines 17--18
[]|\TU/TimesNewRoman(0)/m/n/12 Rendah: Kontrol terba-
 []


Underfull \hbox (badness 5652) in paragraph at lines 17--18
\TU/TimesNewRoman(0)/m/it/12 sh\TU/TimesNewRoman(0)/m/n/12 , kurang andal untuk

 []


Underfull \hbox (badness 1127) in paragraph at lines 17--18
\TU/TimesNewRoman(0)/m/n/12 tracking kontinyu selama
 []


Underfull \hbox (badness 3503) in paragraph at lines 18--19
\TU/TimesNewRoman(0)/m/n/12 fitur \TU/TimesNewRoman(0)/m/it/12 native OS\TU/Tim
esNewRoman(0)/m/n/12 , mendu-
 []


Underfull \hbox (badness 1371) in paragraph at lines 18--19
\TU/TimesNewRoman(0)/m/n/12 kung \TU/TimesNewRoman(0)/m/it/12 background servic
e
 []


Underfull \hbox (badness 3989) in paragraph at lines 18--19
\TU/TimesNewRoman(0)/m/it/12 real-time\TU/TimesNewRoman(0)/m/n/12 . Akses lang-

 []


Underfull \hbox (badness 1248) in paragraph at lines 18--19
\TU/TimesNewRoman(0)/m/n/12 pat menjalankan \TU/TimesNewRoman(0)/m/it/12 foregr
o-
 []


Underfull \hbox (badness 2856) in paragraph at lines 21--22
[]|\TU/TimesNewRoman(0)/b/n/12 Kelayakan Opera-
 []


Underfull \hbox (badness 2435) in paragraph at lines 22--23
[]|\TU/TimesNewRoman(0)/m/n/12 Sedang: Mudah diakses
 []


Underfull \hbox (badness 3281) in paragraph at lines 22--23
\TU/TimesNewRoman(0)/m/n/12 melalui tautan tanpa in-
 []


Underfull \hbox (badness 2401) in paragraph at lines 23--24
\TU/TimesNewRoman(0)/m/it/12 guidelines\TU/TimesNewRoman(0)/m/n/12 , performa o
p-
 []


Underfull \hbox (badness 1939) in paragraph at lines 23--24
\TU/TimesNewRoman(0)/m/n/12 timal, dan meningkatkan
 []


Underfull \hbox (badness 1009) in paragraph at lines 23--24
\TU/TimesNewRoman(0)/m/n/12 adopsi oleh panitia mau-
 []


Underfull \hbox (badness 2469) in paragraph at lines 27--28
[]|\TU/TimesNewRoman(0)/m/n/12 Tinggi: Waktu pengem-
 []


Underfull \hbox (badness 10000) in paragraph at lines 31--32
[]|\TU/TimesNewRoman(0)/b/n/12 Kelayakan Huku-
 []


Underfull \hbox (badness 4279) in paragraph at lines 32--33
[]|\TU/TimesNewRoman(0)/m/n/12 Sedang: Keamanan da-
 []


Underfull \hbox (badness 1910) in paragraph at lines 32--33
\TU/TimesNewRoman(0)/m/it/12 sandbox\TU/TimesNewRoman(0)/m/n/12 . Cukup rentan
 []


Underfull \hbox (badness 10000) in paragraph at lines 33--34
[]|\TU/TimesNewRoman(0)/m/n/12 Tinggi: Lebih mudah
 []


Underfull \hbox (badness 10000) in paragraph at lines 33--34
\TU/TimesNewRoman(0)/m/n/12 mengontrol dan meng-
 []


Underfull \hbox (badness 10000) in paragraph at lines 33--34
\TU/TimesNewRoman(0)/m/n/12 amankan data melalui
 []


Underfull \hbox (badness 10000) in paragraph at lines 33--34
\TU/TimesNewRoman(0)/m/n/12 seperti \TU/TimesNewRoman(0)/m/it/12 hardware-backe
d
 []


Underfull \hbox (badness 10000) in paragraph at lines 33--34
\TU/TimesNewRoman(0)/m/it/12 keystore\TU/TimesNewRoman(0)/m/n/12 , autentika-
 []


Underfull \hbox (badness 10000) in paragraph at lines 33--34
\TU/TimesNewRoman(0)/m/n/12 si biometrik, dan \TU/TimesNewRoman(0)/m/it/12 app
 []


Underfull \hbox (badness 10000) in paragraph at lines 33--34
\TU/TimesNewRoman(0)/m/it/12 sandboxing \TU/TimesNewRoman(0)/m/n/12 yang lebih
 []

[17])) (Bab IV - Desain-Konsep-Solusi.tex

[18]
Bab IV.
) (Bab V - Rencana-Selanjutnya.tex

[19

]

[20]
Bab V.


[21

]

[22])

[23]
Missing character: There is no  in font Times New Roman/OT:script=latn;languag
e=dflt;mapping=tex-text;!
Missing character: There is no  in font Times New Roman/OT:script=latn;languag
e=dflt;mapping=tex-text;!
Missing character: There is no  in font Times New Roman/OT:script=latn;languag
e=dflt;mapping=tex-text;!
Missing character: There is no  in font Times New Roman/OT:script=latn;languag
e=dflt;mapping=tex-text;!
Missing character: There is no  in font Times New Roman/OT:script=latn;languag
e=dflt;mapping=tex-text;!
Missing character: There is no  in font Times New Roman/OT:script=latn;languag
e=dflt;mapping=tex-text;!

Overfull \hbox (5.48573pt too wide) in paragraph at lines 401--401
\TU/TimesNewRoman(0)/m/n/12 hingga Guru SD Turut Menyumbang untuk Dana Lestari
. Diakses pada Novem-
 []



[24


]
Overfull \hbox (2.87549pt too wide) in paragraph at lines 401--401
\TU/TimesNewRoman(0)/m/n/12   How are sports-trackers used by runners? Running
-related data, personal goals,
 []



[25]

Package caption Warning: Unused \captionsetup[lstlisting] on input line 381.
See the caption package documentation for explanation.



[26] (ProposalTA.aux)
 ***********
LaTeX2e <2025-06-01> patch level 1
L3 programming layer <2025-09-02>
 ***********
Package rerunfilecheck Info: File `ProposalTA.out' has not changed.
(rerunfilecheck)             Checksum: E6F6D7313BBDA0F71806AD8ACF323D46;5686.
Package logreq Info: Writing requests to 'ProposalTA.run.xml'.
\openout1 = `ProposalTA.run.xml'.

 ) 
Here is how much of TeX's memory you used:
 31382 strings out of 403197
 618503 string characters out of 5453038
 1982059 words of memory out of 5000000
 59543 multiletter control sequences out of 15000+600000
 632918 words of font info for 83 fonts, out of 8000000 for 9000
 1348 hyphenation exceptions out of 8191
 73i,14n,93p,1484b,6393s stack positions out of 10000i,1000n,20000p,200000b,200000s

Output written on ProposalTA.pdf (33 pages).
